<?xml version="1.0" encoding="UTF-8"?>
<!-- Generated by org.testng.reporters.JUnitReportReporter -->
<testsuite hostname="LAPTOP-LLJR43P0" failures="0" tests="1" name="TestScript.ManageNewsTest" time="8.743" errors="0" timestamp="2023-10-20T12:14:22 IST" skipped="0">
  <testcase classname="TestScript.ManageNewsTest" name="verifyAddNewNewsButtonFunctionalityOnManageNewsPage" time="8.743"/>
</testsuite> <!-- TestScript.ManageNewsTest -->
