<?xml version="1.0" encoding="UTF-8"?>
<!-- Generated by org.testng.reporters.JUnitReportReporter -->
<testsuite hostname="LAPTOP-LLJR43P0" failures="0" tests="1" name="TestScript.LoginTest" time="7.286" errors="0" timestamp="2023-10-19T15:03:41 IST" skipped="0">
  <testcase classname="TestScript.LoginTest" name="verifyUserLoginwithValidCredentials" time="7.286"/>
</testsuite> <!-- TestScript.LoginTest -->
