<?xml version="1.0" encoding="UTF-8"?>
<!-- Generated by org.testng.reporters.JUnitReportReporter -->
<testsuite hostname="LAPTOP-LLJR43P0" failures="0" tests="1" name="TestScript.AdminUsersTest" time="8.956" errors="0" timestamp="2023-10-19T17:29:27 IST" skipped="0">
  <testcase classname="TestScript.AdminUsersTest" name="verifyAddUserFunctionalityOnAdminUsersPage" time="8.956"/>
</testsuite> <!-- TestScript.AdminUsersTest -->
