<?xml version="1.0" encoding="UTF-8"?>
<!-- Generated by org.testng.reporters.JUnitReportReporter -->
<testsuite hostname="LAPTOP-LLJR43P0" failures="0" tests="1" name="TestScript.LoginTest" time="65.094" errors="0" timestamp="2023-10-21T15:29:18 IST" skipped="0">
  <testcase classname="TestScript.LoginTest" name="verifyUserLoginwithValidCredentials" time="65.094"/>
</testsuite> <!-- TestScript.LoginTest -->
