<?xml version="1.0" encoding="UTF-8"?>
<!-- Generated by org.testng.reporters.JUnitReportReporter -->
<testsuite hostname="LAPTOP-LLJR43P0" failures="0" tests="1" name="TestScript.LoginTest" time="61.430" errors="0" timestamp="2023-10-27T21:08:32 IST" skipped="0">
  <testcase classname="TestScript.LoginTest" name="verifyUserLoginwithInValidCredentials" time="61.430"/>
</testsuite> <!-- TestScript.LoginTest -->
