<?xml version="1.0" encoding="UTF-8"?>
<!-- Generated by org.testng.reporters.JUnitReportReporter -->
<testsuite hostname="LAPTOP-LLJR43P0" failures="0" tests="1" name="TestScript.CategoryTest" time="8.594" errors="0" timestamp="2023-10-19T15:10:24 IST" skipped="0">
  <testcase classname="TestScript.CategoryTest" name="verifySearchFunctionalityOfSearchButtononInCategoryPage" time="8.594"/>
</testsuite> <!-- TestScript.CategoryTest -->
