<?xml version="1.0" encoding="UTF-8"?>
<!-- Generated by org.testng.reporters.JUnitReportReporter -->
<testsuite hostname="LAPTOP-LLJR43P0" failures="0" tests="2" name="TestScript.LoginTest" time="113.186" errors="0" timestamp="2023-10-25T21:46:49 IST" skipped="0">
  <testcase classname="TestScript.LoginTest" name="verifyUserLoginwithValidCredentials" time="54.413"/>
  <testcase classname="TestScript.LoginTest" name="verifyUserLoginwithValidCredentials" time="58.773"/>
</testsuite> <!-- TestScript.LoginTest -->
