<?xml version="1.0" encoding="UTF-8"?>
<!-- Generated by org.testng.reporters.JUnitReportReporter -->
<testsuite hostname="LAPTOP-LLJR43P0" failures="0" tests="1" name="TestScript.ManageLocationTest" time="14.266" errors="0" timestamp="2023-10-20T19:46:16 IST" skipped="0">
  <testcase classname="TestScript.ManageLocationTest" name="verifyEditButtonFunctionalityOnManageLocationPage" time="14.266"/>
</testsuite> <!-- TestScript.ManageLocationTest -->
