<?xml version="1.0" encoding="UTF-8"?>
<!-- Generated by org.testng.reporters.JUnitReportReporter -->
<testsuite hostname="LAPTOP-LLJR43P0" failures="0" tests="1" name="TestScript.AdminUsersTest" time="8.896" errors="0" timestamp="2023-10-21T12:28:49 IST" skipped="0">
  <testcase classname="TestScript.AdminUsersTest" name="verifyAddUserFunctionalityOnAdminUsersPage" time="8.896"/>
</testsuite> <!-- TestScript.AdminUsersTest -->
