<?xml version="1.0" encoding="UTF-8"?>
<!-- Generated by org.testng.reporters.JUnitReportReporter -->
<testsuite hostname="LAPTOP-LLJR43P0" failures="0" tests="1" name="com.obsqura.martSuperMarket.Login" time="4.697" errors="0" timestamp="2023-10-12T13:24:25 IST" skipped="0">
  <testcase classname="com.obsqura.martSuperMarket.Login" name="verifyUserLogin" time="4.697"/>
</testsuite> <!-- com.obsqura.martSuperMarket.Login -->
