<?xml version="1.0" encoding="UTF-8"?>
<!-- Generated by org.testng.reporters.JUnitReportReporter -->
<testsuite hostname="LAPTOP-LLJR43P0" failures="0" tests="2" name="TestScript.ManageLocationTest" time="20.651" errors="0" timestamp="2023-10-27T08:56:33 IST" skipped="0">
  <testcase classname="TestScript.ManageLocationTest" name="verifyEditdeliverychargeTextfeildFunctionalityOnManageLocationPage" time="10.927"/>
  <testcase classname="TestScript.ManageLocationTest" name="verifyEditdeliverychargeTextfeildFunctionalityOnManageLocationPage" time="9.724"/>
</testsuite> <!-- TestScript.ManageLocationTest -->
